  313  cp /datasets/taxidata.tar.gz .
  314  ls
  315  tar zxvf taxidata.tar.gz
  316  ls
  317  cd ..
  318  ls
  319  cd ws2
  320  ls
  321  cd taxidata/
  322  ls
  323  cd ..
  324  ls
  325  rm taxidata
  326  git rm -r taxidata
  327  ls
  328  git rm -r taxidata
  329  ls
  330  git rm -r taxidata
  331  rmdir taxidata
  332  rmdir -r taxidata
  333  rmdir --help
  334  ls
  335  cd taxidata
  336  ls
  337  rm cd ..
  338  ls
  339  cd ..
  340  ls
  343  tar zxvf taxidata.tar.gz
  345  cd taxidata
  347  cd 2019-03
  348  cd 2019-03.csv
  351  tail 2019-03.csv
  352  vi 2019-03.csv
  354  grep ".*,.*,\"2019-03-12.*" 2019-03.csv | tail -n 20 > results2.txt
  356  vi results2.txt
  357  grep ".*,.*,\"2019-03-12.*" 2019-03.csv > results.txt
  359  vi results.txt
  360  man wc
  361  grep ".*,.*,\"2019-03-12.*" 2019-03.csv | wc -l >> results.txt
  363  vi results.txts
  365  history > cmds.log
