    1  wget www.github.com
    2  exit
    3  ping 172.20.25.9
    4  wget github.com
    5  git
    6  git version
    7  cd ~/Desktop
    8  exit
    9  passwd
   10  cd 
   11  cd
   12  cd ~
   13  exit
   14  wget www.github.com
   15  cd 
   16  git init
   17  exit
   18  wget www.github.com
   19  git init
   20  touch newfile.txt
   21  git status
   22  git add
   23  git add index.html
   24  git commit -m "This is my first commit!"
   25  git remote add origin https://github.com/nathannguyen33/cs131.git
   26  git push -u origin master
   27  git remote add origin https://github.com/nathannguyen33/cs131.git
   28  git push -u origin master
   29  exit
   30  mkdir ws1
   31  cd mkdir
   32  cd ws1
   33  git add cmds.log
   34  git status
   35  git rm --cached index.html
   36  git rm --cached ..index.html
   37  commit -m "This is my first commit!"
   38  git  commit -m "This is my first commit!"
   39  history > cmds.log
   40  git checkout -b newBranch
   41  git branch
   42  git remote add origin https://github.com/nathannguyen33/cs131.git
   43  git push -u origin master
   44  exit
   45  wget www.github.com
   46  git status
   47  cd 
   48  cd ws1
   49  cd ..
   50  rm ws1
   51  mkdir cs131
   52  cd ws1
   53  git init
   54  ls
   55  git init cs131
   56  ls
   57  cd cs131
   58  cd ..
   59  history > cmds.log
   60  git add cmds.log
   61  ls
   62  cd 131
   63  cd cs131
   64  ls
   65  git push cmds.log cs131
   66  git push cs131 cmds.log
   67  commit -m "This is my first commit!"
   68  git commit -m "This is my first commit!"
   69  cd ..
   70  git commit -m "This is my first commit!"
   71  git config --global user.email "nathannguyen33@gmail.com"
   72  git config --global user.name "Nathan Nguyen"
   73  git commit -m "This is my first commit!"
   74  ls
   75  cd 131
   76  cd cs131
   77  ls
   78  git add .
   79  ls
   80  cd ..
   81  git sdd .
   82  git add .
   83  cd cs131
   84  git commit -m "This is my first commit!"
   85  cd ..
   86  git add .
   87  git push .
   88  git branch
   89  git push .
   90  git push --set-upstream . master
   91  git push .
   92  ls
   93  git status
   94  git push -u origin master
   95  git push -u cs131 master
   96  ls
   97  cd cs131
   98  ls
   99  git remote add origin https://github.com/nathannguyen33/cs131.git
  100  git push -u origin master
  101  ls
  102  cd ..
  103  git push -u origin master
  104  git push -u cs131  master
  105  cd ..
  106  cd 131
  107  cd ws1
  108  rm -rf .git
  109  cd ..
  110  rm -fr .git
  111  ls
  112  rm index.html.1
  113  rm index.html.2
  114  rm index.html.3
  115  rm index.html.4
  116  rm index.html.5
  117  rm newfile.txt
  118  ls
  119  rm index.html
  120  ls
  121  rm -rf .git
  122  ls
  123  rm -fr .git
  124  ls
  125  cd cs131
  126  rm -fr .git
  127  ls
  128  cd ..
  129  ls
  130  cd cs131
  131  rm -fr .git
  132  cd ..
  133  ls
  134  git rm cs131
  135  ls
  136  git rm -r cs131
  137  -rf
  138  rm -rf .git
  139  ls
  140  git rm -r ws1
  141  git rm -r cached cs131
  142  rm -fr .git
  143  ls
  144  cd cs131
  145  rm -fr .git
  146  rm -rf .git
  147  cd ..
  148  rm -rf .git
  149  ls
  150  rm -rf cs131.git
  151  ls
  152  rm -rf .git
  153  ld
  154  ls
  155  mkdir myproject
  156  ls
  157  rmdir cs131
  158  ls
  159  rmdir myproject
  160  ls
  161  rmdir ws1
  162  cd ws1
  163  ls
  164  rm -rf
  165  ls
  166  rm -rf .git
  167  ls
  168  rmdir cs131
  169  cd cs131
  170  ls
  171  cd ..
  172  cd cs131
  173  .git
  174  rm -rf .git
  175  cd ..
  176  rmdir cs131
  177  ls
  178  rm cmds.log
  179  ls
  180  cd ..
  181  rmdir ws1
  182  ls
  183  wget www.github.com
  184  ls
  185  mkdir myproject
  186  ls
  187  cd myproject/
  188  git init
  189  ls
  190  touch newfile.txt
  191  ls
  192  git status
  193  git add newfile.txt
  194  git status
  195  commit -m "This is my first commit!"
  196  git commit -m "This is my first commit!"
  197  git checkout -b <anotherBranch>
  198  git checkout -b anotherBranch
  199  git branch
  200  git remote add origin https://github.com/nathannguyen33/cs131.git
  201  git branch -M main
  202  git push -u origin main
  203  git remote add origin https://github.com/nathannguyen33/cs131.git
  204  git branch -M main
  205  git push -u origin main
  206  git remote add origin https://github.com/nathannguyen33/cs131.git
  207  git branch -M main
  208  git push -u origin main
  209  ls
  210  git branch
  211  git push origin main
  212  checkout -b anotherBranch
  213  git checkout -b anotherBranch
  214  git branch
  215  git push origin anotherBranch
  216  ls
  217  cd ..
  218  ls
  219  cd myproject
  220  ls
  221  cd ..
  222  ls
  223  cd myproject
  224  git init cs131
  225  ls
  226  cd cs131
  227  mkdir ws1
  228  ls
  229  cd ..
  230  history > cmds.log
  231  ls
  232  cd cs131
  233  ls
  234  history > cmds.log
  235  ls
  236  vi cmds.log
  237  ls
  238  rm cmds.log
  239  ls
  240  cd ..
  241  cd cs131
  242  ls
  243  git branch
  244  ls
  245  cs ..
  246  cd ..
  247  ls
  248  cd cs131
  249  git commit
  250  git checkout -b branch1
  251  git branchg
  252  git branch
  253  git branches
  254  git branch
  255  cd ..
  256  git branch
  257  cd ..
  258  ls
  259  git init cs131
  260  cd cs131
  261  ls
  262  mkdir ws1
  263  cd ws1
  264  cd ..
  265  ls
  266  cd myproject/
  267  ls
  268  rm cmds.log
  269  rm newfile.txt
  270  ls
  271  cd cs131
  272  ls
  273  rm -rf .git
  274  ls
  275  rmdir ws1
  276  ls
  277  cd ..
  278  rmdir cs131
  279  ls
  280  cd ..
  281  rmdir myproject
  282  cd myproject/
  283  rm -rf .git
  284  cd ..
  285  rmdir myproject/
  286  ls
  287  cd cs131
  288  ls
  289  cd ws1
  290  history > cmds.log
